07-22-2018 @ 16:19:34 - ---[ New Import ] PHP Memory: 256 MB, WP Memory: 40 MB
07-22-2018 @ 16:19:34 - Parsing bbPress CSV.
07-22-2018 @ 16:19:34 - Finished parsing bbPress CSV.
07-22-2018 @ 16:19:34 - ---
07-22-2018 @ 16:19:34 - Processing bbPress.
07-22-2018 @ 16:19:34 - > Row 1 - preparing for import.
07-22-2018 @ 16:19:34 - > Inserting 3219
07-22-2018 @ 16:19:34 - 364hi
07-22-2018 @ 16:19:34 - Failed to import &#8220;Welcome to CompareWeb&#8221;
07-22-2018 @ 16:19:34 - > Row 2 - preparing for import.
07-22-2018 @ 16:19:34 - > Inserting 3228
07-22-2018 @ 16:19:34 - 364hi
07-22-2018 @ 16:19:34 - Failed to import &#8220;Web Hosting Discussion&#8221;
07-22-2018 @ 16:19:34 - > Row 3 - preparing for import.
07-22-2018 @ 16:19:34 - > Inserting 3230
07-22-2018 @ 16:19:34 - 364hi
07-22-2018 @ 16:19:34 - Failed to import &#8220;Web Hosting Reselling&#8221;
07-22-2018 @ 16:19:34 - > Row 4 - preparing for import.
07-22-2018 @ 16:19:34 - > Inserting 3232
07-22-2018 @ 16:19:34 - 364hi
07-22-2018 @ 16:19:34 - Failed to import &#8220;Domain Name Issues&#8221;
07-22-2018 @ 16:19:34 - > Row 5 - preparing for import.
07-22-2018 @ 16:19:34 - > Inserting 3234
07-22-2018 @ 16:19:34 - 364hi
07-22-2018 @ 16:19:34 - Failed to import &#8220;Uncategorised Issues&#8221;
07-22-2018 @ 16:19:34 - > Row 6 - preparing for import.
07-22-2018 @ 16:19:34 - > Inserting 3236
07-22-2018 @ 16:19:34 - 364hi
07-22-2018 @ 16:19:34 - Failed to import &#8220;WEB HOSTING COMMUNITY&#8221;
07-22-2018 @ 16:19:34 - > Row 7 - preparing for import.
07-22-2018 @ 16:19:34 - > Inserting 3242
07-22-2018 @ 16:19:34 - 364hi
07-22-2018 @ 16:19:34 - Failed to import &#8220;INTEGRATE WEB HOSTING BUSINESS&#8221;
07-22-2018 @ 16:19:34 - Finished processing.
07-22-2018 @ 16:19:34 - ---[ New Import ] PHP Memory: 256 MB, WP Memory: 40 MB
07-22-2018 @ 16:19:34 - Parsing bbPress CSV.
07-22-2018 @ 16:19:34 - Finished parsing bbPress CSV.
07-22-2018 @ 16:19:34 - ---
07-22-2018 @ 16:19:34 - Processing bbPress.
07-22-2018 @ 16:19:34 - > Row 1 - preparing for import.
07-22-2018 @ 16:19:34 - > Inserting 3245
07-22-2018 @ 16:19:34 - 364hi
07-22-2018 @ 16:19:34 - Failed to import &#8220;Web Applications 360°&#8221;
07-22-2018 @ 16:19:34 - > Row 2 - preparing for import.
07-22-2018 @ 16:19:34 - > Inserting 3247
07-22-2018 @ 16:19:34 - 364hi
07-22-2018 @ 16:19:34 - Failed to import &#8220;Open Source Applications&#8221;
07-22-2018 @ 16:19:34 - > Row 3 - preparing for import.
07-22-2018 @ 16:19:34 - > Inserting 3249
07-22-2018 @ 16:19:34 - 364hi
07-22-2018 @ 16:19:34 - Failed to import &#8220;Automate Your Business&#8221;
07-22-2018 @ 16:19:34 - > Row 4 - preparing for import.
07-22-2018 @ 16:19:34 - > Inserting 3251
07-22-2018 @ 16:19:34 - 364hi
07-22-2018 @ 16:19:34 - Failed to import &#8220;HOSTING COMMUNITY MARKETPLACE&#8221;
07-22-2018 @ 16:19:34 - > Row 5 - preparing for import.
07-22-2018 @ 16:19:34 - > Inserting 3253
07-22-2018 @ 16:19:34 - 364hi
07-22-2018 @ 16:19:34 - Failed to import &#8220;Shared Hosting Offers&#8221;
07-22-2018 @ 16:19:34 - > Row 6 - preparing for import.
07-22-2018 @ 16:19:34 - > Inserting 3255
07-22-2018 @ 16:19:34 - 364hi
07-22-2018 @ 16:19:34 - Failed to import &#8220;Reseller Hosting Offers&#8221;
07-22-2018 @ 16:19:34 - > Row 7 - preparing for import.
07-22-2018 @ 16:19:34 - > Inserting 3257
07-22-2018 @ 16:19:34 - 364hi
07-22-2018 @ 16:19:34 - Failed to import &#8220;VPS Hosting Offers&#8221;
07-22-2018 @ 16:19:34 - > Row 8 - preparing for import.
07-22-2018 @ 16:19:34 - > Inserting 3259
07-22-2018 @ 16:19:34 - 364hi
07-22-2018 @ 16:19:34 - Failed to import &#8220;Dedicated Hosting Offers&#8221;
07-22-2018 @ 16:19:34 - Finished processing.
07-22-2018 @ 16:19:35 - ---[ New Import ] PHP Memory: 256 MB, WP Memory: 40 MB
07-22-2018 @ 16:19:35 - Parsing bbPress CSV.
07-22-2018 @ 16:19:35 - Finished parsing bbPress CSV.
07-22-2018 @ 16:19:35 - ---
07-22-2018 @ 16:19:35 - Processing bbPress.
07-22-2018 @ 16:19:35 - > Row 1 - preparing for import.
07-22-2018 @ 16:19:35 - > Inserting 3261
07-22-2018 @ 16:19:35 - 364hi
07-22-2018 @ 16:19:35 - Failed to import &#8220;Security Hosting Offers&#8221;
07-22-2018 @ 16:19:35 - > Row 2 - preparing for import.
07-22-2018 @ 16:19:35 - > Inserting 3263
07-22-2018 @ 16:19:35 - 364hi
07-22-2018 @ 16:19:35 - Failed to import &#8220;Other Hosting Offers&#8221;
07-22-2018 @ 16:19:35 - > Row 3 - preparing for import.
07-22-2018 @ 16:19:35 - > Inserting 5028
07-22-2018 @ 16:19:35 - 364hi
07-22-2018 @ 16:19:35 - Failed to import &#8220;MEMBERS SUPPORT&#8221;
07-22-2018 @ 16:19:35 - > Row 4 - preparing for import.
07-22-2018 @ 16:19:35 - > Inserting 5030
07-22-2018 @ 16:19:35 - 364hi
07-22-2018 @ 16:19:35 - Failed to import &#8220;Account Information&#8221;
07-22-2018 @ 16:19:35 - > Row 5 - preparing for import.
07-22-2018 @ 16:19:35 - > Inserting 5035
07-22-2018 @ 16:19:35 - 364hi
07-22-2018 @ 16:19:35 - Failed to import &#8220;Article Posts&#8221;
07-22-2018 @ 16:19:35 - > Row 6 - preparing for import.
07-22-2018 @ 16:19:35 - > Inserting 5037
07-22-2018 @ 16:19:35 - 364hi
07-22-2018 @ 16:19:35 - Failed to import &#8220;Host Plans&#8221;
07-22-2018 @ 16:19:35 - > Row 7 - preparing for import.
07-22-2018 @ 16:19:35 - > Inserting 5039
07-22-2018 @ 16:19:35 - 364hi
07-22-2018 @ 16:19:35 - Failed to import &#8220;Adding new price plans&#8221;
07-22-2018 @ 16:19:35 - > Row 8 - preparing for import.
07-22-2018 @ 16:19:35 - > Inserting 5041
07-22-2018 @ 16:19:35 - 364hi
07-22-2018 @ 16:19:35 - Failed to import &#8220;Updating existing price plans&#8221;
07-22-2018 @ 16:19:35 - Finished processing.
07-22-2018 @ 16:19:35 - ---[ New Import ] PHP Memory: 256 MB, WP Memory: 40 MB
07-22-2018 @ 16:19:35 - Parsing bbPress CSV.
07-22-2018 @ 16:19:35 - Finished parsing bbPress CSV.
07-22-2018 @ 16:19:35 - ---
07-22-2018 @ 16:19:35 - Processing bbPress.
07-22-2018 @ 16:19:35 - > Row 1 - preparing for import.
07-22-2018 @ 16:19:35 - > Inserting 5043
07-22-2018 @ 16:19:35 - 364hi
07-22-2018 @ 16:19:35 - Failed to import &#8220;General&#8221;
07-22-2018 @ 16:19:35 - > Row 2 - preparing for import.
07-22-2018 @ 16:19:35 - > Inserting 5045
07-22-2018 @ 16:19:35 - 364hi
07-22-2018 @ 16:19:35 - Failed to import &#8220;&#8221;
07-22-2018 @ 16:19:35 - > Row 3 - preparing for import.
07-22-2018 @ 16:19:35 - > Inserting 5051
07-22-2018 @ 16:19:35 - 364hi
07-22-2018 @ 16:19:35 - Failed to import &#8220;Memberships&#8221;
07-22-2018 @ 16:19:35 - > Row 4 - preparing for import.
07-22-2018 @ 16:19:35 - > Inserting 5054
07-22-2018 @ 16:19:35 - 364hi
07-22-2018 @ 16:19:35 - Failed to import &#8220;Vendors&#8221;
07-22-2018 @ 16:19:35 - > Row 5 - preparing for import.
07-22-2018 @ 16:19:35 - > Inserting 5063
07-22-2018 @ 16:19:35 - 364hi
07-22-2018 @ 16:19:35 - Failed to import &#8220;Website Feedback&#8221;
07-22-2018 @ 16:19:35 - > Row 6 - preparing for import.
07-22-2018 @ 16:19:35 - > Inserting 5068
07-22-2018 @ 16:19:35 - 364hi
07-22-2018 @ 16:19:35 - Failed to import &#8220;Recommendations&#8221;
07-22-2018 @ 16:19:35 - Finished processing.
07-22-2018 @ 18:20:50 - ---[ New Import ] PHP Memory: 256 MB, WP Memory: 40 MB
07-22-2018 @ 18:20:50 - Parsing bbPress CSV.
07-22-2018 @ 18:20:50 - Finished parsing bbPress CSV.
07-22-2018 @ 18:20:50 - ---
07-22-2018 @ 18:20:50 - Processing bbPress.
07-22-2018 @ 18:20:50 - > Row 1 - preparing for import.
07-22-2018 @ 18:20:50 - > Inserting 0
07-22-2018 @ 18:20:50 - > &#8220;Welcome to CompareWeb&#8221;This Forum Skipped
07-22-2018 @ 18:20:50 - > Row 2 - preparing for import.
07-22-2018 @ 18:20:50 - > Inserting 0
07-22-2018 @ 18:20:50 - > &#8220;Web Hosting Discussion&#8221;This Forum Skipped
07-22-2018 @ 18:20:50 - > Row 3 - preparing for import.
07-22-2018 @ 18:20:50 - > Inserting 0
07-22-2018 @ 18:20:50 - > &#8220;Web Hosting Reselling&#8221;This Forum Skipped
07-22-2018 @ 18:20:50 - > Row 4 - preparing for import.
07-22-2018 @ 18:20:50 - > Inserting 0
07-22-2018 @ 18:20:50 - > &#8220;Domain Name Issues&#8221;This Forum Skipped
07-22-2018 @ 18:20:50 - > Row 5 - preparing for import.
07-22-2018 @ 18:20:50 - > Inserting 0
07-22-2018 @ 18:20:50 - > &#8220;Uncategorised Issues&#8221;This Forum Skipped
07-22-2018 @ 18:20:50 - > Row 6 - preparing for import.
07-22-2018 @ 18:20:50 - > Inserting 0
07-22-2018 @ 18:20:50 - > &#8220;WEB HOSTING COMMUNITY&#8221;This Forum Skipped
07-22-2018 @ 18:20:50 - > Row 7 - preparing for import.
07-22-2018 @ 18:20:50 - > Inserting 0
07-22-2018 @ 18:20:50 - > &#8220;INTEGRATE WEB HOSTING BUSINESS&#8221;This Forum Skipped
07-22-2018 @ 18:20:50 - Finished processing.
07-22-2018 @ 18:20:51 - ---[ New Import ] PHP Memory: 256 MB, WP Memory: 40 MB
07-22-2018 @ 18:20:51 - Parsing bbPress CSV.
07-22-2018 @ 18:20:51 - Finished parsing bbPress CSV.
07-22-2018 @ 18:20:51 - ---
07-22-2018 @ 18:20:51 - Processing bbPress.
07-22-2018 @ 18:20:51 - > Row 1 - preparing for import.
07-22-2018 @ 18:20:51 - > Inserting 0
07-22-2018 @ 18:20:51 - > &#8220;Web Applications 360°&#8221;This Forum Skipped
07-22-2018 @ 18:20:51 - > Row 2 - preparing for import.
07-22-2018 @ 18:20:51 - > Inserting 0
07-22-2018 @ 18:20:51 - > &#8220;Open Source Applications&#8221;This Forum Skipped
07-22-2018 @ 18:20:51 - > Row 3 - preparing for import.
07-22-2018 @ 18:20:51 - > Inserting 0
07-22-2018 @ 18:20:51 - > &#8220;Automate Your Business&#8221;This Forum Skipped
07-22-2018 @ 18:20:51 - > Row 4 - preparing for import.
07-22-2018 @ 18:20:51 - > Inserting 0
07-22-2018 @ 18:20:51 - > &#8220;HOSTING COMMUNITY MARKETPLACE&#8221;This Forum Skipped
07-22-2018 @ 18:20:51 - > Row 5 - preparing for import.
07-22-2018 @ 18:20:51 - > Inserting 0
07-22-2018 @ 18:20:51 - > &#8220;Shared Hosting Offers&#8221;This Forum Skipped
07-22-2018 @ 18:20:51 - > Row 6 - preparing for import.
07-22-2018 @ 18:20:51 - > Inserting 0
07-22-2018 @ 18:20:51 - > &#8220;Reseller Hosting Offers&#8221;This Forum Skipped
07-22-2018 @ 18:20:51 - > Row 7 - preparing for import.
07-22-2018 @ 18:20:51 - > Inserting 0
07-22-2018 @ 18:20:51 - > &#8220;VPS Hosting Offers&#8221;This Forum Skipped
07-22-2018 @ 18:20:51 - > Row 8 - preparing for import.
07-22-2018 @ 18:20:51 - > Inserting 0
07-22-2018 @ 18:20:51 - > &#8220;Dedicated Hosting Offers&#8221;This Forum Skipped
07-22-2018 @ 18:20:51 - Finished processing.
07-22-2018 @ 18:20:51 - ---[ New Import ] PHP Memory: 256 MB, WP Memory: 40 MB
07-22-2018 @ 18:20:51 - Parsing bbPress CSV.
07-22-2018 @ 18:20:51 - Finished parsing bbPress CSV.
07-22-2018 @ 18:20:51 - ---
07-22-2018 @ 18:20:51 - Processing bbPress.
07-22-2018 @ 18:20:51 - > Row 1 - preparing for import.
07-22-2018 @ 18:20:51 - > Inserting 0
07-22-2018 @ 18:20:51 - > &#8220;Security Hosting Offers&#8221;This Forum Skipped
07-22-2018 @ 18:20:51 - > Row 2 - preparing for import.
07-22-2018 @ 18:20:51 - > Inserting 0
07-22-2018 @ 18:20:51 - > &#8220;Other Hosting Offers&#8221;This Forum Skipped
07-22-2018 @ 18:20:51 - > Row 3 - preparing for import.
07-22-2018 @ 18:20:51 - > Inserting 0
07-22-2018 @ 18:20:51 - > &#8220;MEMBERS SUPPORT&#8221;This Forum Skipped
07-22-2018 @ 18:20:51 - > Row 4 - preparing for import.
07-22-2018 @ 18:20:51 - > Inserting 0
07-22-2018 @ 18:20:51 - > &#8220;Account Information&#8221;This Forum Skipped
07-22-2018 @ 18:20:51 - > Row 5 - preparing for import.
07-22-2018 @ 18:20:51 - > Inserting 0
07-22-2018 @ 18:20:51 - > &#8220;Article Posts&#8221;This Forum Skipped
07-22-2018 @ 18:20:51 - > Row 6 - preparing for import.
07-22-2018 @ 18:20:51 - > Inserting 0
07-22-2018 @ 18:20:51 - > &#8220;Host Plans&#8221;This Forum Skipped
07-22-2018 @ 18:20:51 - > Row 7 - preparing for import.
07-22-2018 @ 18:20:51 - > Inserting 0
07-22-2018 @ 18:20:51 - 365hi
07-22-2018 @ 18:20:51 - > Inserted - post ID is 365.
07-22-2018 @ 18:20:51 - > Finished importing post ID 365.
07-22-2018 @ 18:20:51 - > Row 8 - preparing for import.
07-22-2018 @ 18:20:51 - > Inserting 0
07-22-2018 @ 18:20:51 - 366hi
07-22-2018 @ 18:20:51 - > Inserted - post ID is 366.
07-22-2018 @ 18:20:51 - > Finished importing post ID 366.
07-22-2018 @ 18:20:51 - Finished processing.
07-22-2018 @ 18:20:51 - ---[ New Import ] PHP Memory: 256 MB, WP Memory: 40 MB
07-22-2018 @ 18:20:51 - Parsing bbPress CSV.
07-22-2018 @ 18:20:51 - Finished parsing bbPress CSV.
07-22-2018 @ 18:20:51 - ---
07-22-2018 @ 18:20:51 - Processing bbPress.
07-22-2018 @ 18:20:51 - > Row 1 - preparing for import.
07-22-2018 @ 18:20:51 - > Inserting 0
07-22-2018 @ 18:20:51 - 367hi
07-22-2018 @ 18:20:51 - > Inserted - post ID is 367.
07-22-2018 @ 18:20:51 - > Finished importing post ID 367.
07-22-2018 @ 18:20:51 - > Row 2 - preparing for import.
07-22-2018 @ 18:20:51 - > Inserting 0
07-22-2018 @ 18:20:51 - 368hi
07-22-2018 @ 18:20:51 - > Inserted - post ID is 368.
07-22-2018 @ 18:20:51 - > Finished importing post ID 368.
07-22-2018 @ 18:20:51 - > Row 3 - preparing for import.
07-22-2018 @ 18:20:51 - > Inserting 0
07-22-2018 @ 18:20:51 - > &#8220;Memberships&#8221;This Forum Skipped
07-22-2018 @ 18:20:51 - > Row 4 - preparing for import.
07-22-2018 @ 18:20:51 - > Inserting 0
07-22-2018 @ 18:20:51 - > &#8220;Vendors&#8221;This Forum Skipped
07-22-2018 @ 18:20:51 - > Row 5 - preparing for import.
07-22-2018 @ 18:20:51 - > Inserting 0
07-22-2018 @ 18:20:51 - 369hi
07-22-2018 @ 18:20:51 - > Inserted - post ID is 369.
07-22-2018 @ 18:20:51 - > Finished importing post ID 369.
07-22-2018 @ 18:20:51 - > Row 6 - preparing for import.
07-22-2018 @ 18:20:51 - > Inserting 0
07-22-2018 @ 18:20:51 - 370hi
07-22-2018 @ 18:20:51 - > Inserted - post ID is 370.
07-22-2018 @ 18:20:51 - > Finished importing post ID 370.
07-22-2018 @ 18:20:51 - Finished processing.
